[Parallel(n_jobs=-1)]: Using backend LokyBackend with 110 concurrent workers.
[Parallel(n_jobs=-1)]: Done 230 tasks      | elapsed:  7.9min
[Parallel(n_jobs=-1)]: Done 580 tasks      | elapsed: 14.8min
[Parallel(n_jobs=-1)]: Done 1030 tasks      | elapsed: 24.2min
[Parallel(n_jobs=-1)]: Done 1580 tasks      | elapsed: 35.8min
[Parallel(n_jobs=-1)]: Done 2230 tasks      | elapsed: 49.8min
[Parallel(n_jobs=-1)]: Done 2980 tasks      | elapsed: 66.1min
[Parallel(n_jobs=-1)]: Done 3830 tasks      | elapsed: 84.4min
[Parallel(n_jobs=-1)]: Done 4780 tasks      | elapsed: 104.7min
[Parallel(n_jobs=-1)]: Done 5000 out of 5000 | elapsed: 108.6min finished
[Parallel(n_jobs=-1)]: Using backend LokyBackend with 110 concurrent workers.
[Parallel(n_jobs=-1)]: Done 230 tasks      | elapsed:  6.8min
[Parallel(n_jobs=-1)]: Done 580 tasks      | elapsed: 13.8min
[Parallel(n_jobs=-1)]: Done 1030 tasks      | elapsed: 23.2min
[Parallel(n_jobs=-1)]: Done 1580 tasks      | elapsed: 34.9min
[Parallel(n_jobs=-1)]: Done 2230 tasks      | elapsed: 48.8min
[Parallel(n_jobs=-1)]: Done 2980 tasks      | elapsed: 65.2min
[Parallel(n_jobs=-1)]: Done 3830 tasks      | elapsed: 83.5min
[Parallel(n_jobs=-1)]: Done 4780 tasks      | elapsed: 103.6min
[Parallel(n_jobs=-1)]: Done 5000 out of 5000 | elapsed: 107.6min finished
[Parallel(n_jobs=-1)]: Using backend LokyBackend with 110 concurrent workers.
[Parallel(n_jobs=-1)]: Done 230 tasks      | elapsed:  6.9min
[Parallel(n_jobs=-1)]: Done 580 tasks      | elapsed: 14.0min
[Parallel(n_jobs=-1)]: Done 1030 tasks      | elapsed: 23.5min
[Parallel(n_jobs=-1)]: Done 1580 tasks      | elapsed: 35.3min
[Parallel(n_jobs=-1)]: Done 2230 tasks      | elapsed: 49.3min
[Parallel(n_jobs=-1)]: Done 2980 tasks      | elapsed: 65.6min
[Parallel(n_jobs=-1)]: Done 3830 tasks      | elapsed: 84.0min
[Parallel(n_jobs=-1)]: Done 4780 tasks      | elapsed: 104.1min
[Parallel(n_jobs=-1)]: Done 5000 out of 5000 | elapsed: 108.1min finished
[Parallel(n_jobs=-1)]: Using backend LokyBackend with 110 concurrent workers.
[Parallel(n_jobs=-1)]: Done 230 tasks      | elapsed:  6.8min
[Parallel(n_jobs=-1)]: Done 580 tasks      | elapsed: 13.8min
[Parallel(n_jobs=-1)]: Done 1030 tasks      | elapsed: 23.3min
[Parallel(n_jobs=-1)]: Done 1580 tasks      | elapsed: 35.1min
[Parallel(n_jobs=-1)]: Done 2230 tasks      | elapsed: 49.2min
[Parallel(n_jobs=-1)]: Done 2980 tasks      | elapsed: 65.5min
joblib.externals.loky.process_executor._RemoteTraceback: 
"""
Traceback (most recent call last):
  File "/n/home08/imezalopez/.conda/envs/nnpiv_jasa/lib/python3.13/site-packages/joblib/externals/loky/process_executor.py", line 490, in _process_worker
    r = call_item()
  File "/n/home08/imezalopez/.conda/envs/nnpiv_jasa/lib/python3.13/site-packages/joblib/externals/loky/process_executor.py", line 291, in __call__
    return self.fn(*self.args, **self.kwargs)
           ~~~~~~~^^^^^^^^^^^^^^^^^^^^^^^^^^^
  File "/n/home08/imezalopez/.conda/envs/nnpiv_jasa/lib/python3.13/site-packages/joblib/parallel.py", line 607, in __call__
    return [func(*args, **kwargs) for func, args, kwargs in self.items]
            ~~~~^^^^^^^^^^^^^^^^^
  File "/n/home08/imezalopez/NNPIV_JASA/simulations/mcpy/SemiParametricsMonteCarlo.py", line 349, in experiment
    theta, var, ci = dml_model.dml()
                     ~~~~~~~~~~~~~^^
  File "/n/home08/imezalopez/NNPIV_JASA/nnpiv/semiparametrics/dml_mediated.py", line 1247, in dml
    theta, theta_var, confidence_interval, theta_cov_hat = self._split_and_estimate()
                                                           ~~~~~~~~~~~~~~~~~~~~~~~~^^
  File "/n/home08/imezalopez/NNPIV_JASA/nnpiv/semiparametrics/dml_mediated.py", line 1194, in _split_and_estimate
    fold_results = Parallel(n_jobs=self.inner_n_jobs, backend='threading')(
        delayed(self._process_fold)(
    ...<5 lines>...
            for fold_idx, (train_index, test_index) in enumerate(kf.split(self.Y))
    )
  File "/n/home08/imezalopez/.conda/envs/nnpiv_jasa/lib/python3.13/site-packages/joblib/parallel.py", line 1986, in __call__
    return output if self.return_generator else list(output)
                                                ~~~~^^^^^^^^
  File "/n/home08/imezalopez/.conda/envs/nnpiv_jasa/lib/python3.13/site-packages/joblib/parallel.py", line 1914, in _get_sequential_output
    res = func(*args, **kwargs)
  File "/n/home08/imezalopez/NNPIV_JASA/nnpiv/semiparametrics/dml_mediated.py", line 1136, in _process_fold
    psi_hat = self._scores_mediated(train_Y, train_D, train_M, train_W, train_X, train_Z,
                                    test_Y, test_D, test_M, test_W, test_X, test_Z)
  File "/n/home08/imezalopez/NNPIV_JASA/nnpiv/semiparametrics/dml_mediated.py", line 917, in _scores_mediated
    model_1.fit(A_train, B_train, C_train, E_train, train_Y, subsetted=True, subset_ind1=train_D)
    ~~~~~~~~~~~^^^^^^^^^^^^^^^^^^^^^^^^^^^^^^^^^^^^^^^^^^^^^^^^^^^^^^^^^^^^^^^^^^^^^^^^^^^^^^^^^^
  File "/n/home08/imezalopez/NNPIV_JASA/nnpiv/rkhs/rkhs2iv.py", line 410, in fit
    Pc, Pd = self._build_projectors(
             ~~~~~~~~~~~~~~~~~~~~~~^
        Kc, Kd, n_scale=n, ridge=True, subsetted=subsetted,
        ^^^^^^^^^^^^^^^^^^^^^^^^^^^^^^^^^^^^^^^^^^^^^^^^^^^
        ind1_local=ind1, ind2_local=ind2
        ^^^^^^^^^^^^^^^^^^^^^^^^^^^^^^^^
    )
    ^
  File "/n/home08/imezalopez/NNPIV_JASA/nnpiv/rkhs/rkhs2iv.py", line 183, in _build_projectors
    Pd = self._lifted_subset_projector(Kd, ind1_local, scale_n=n_scale, ridge=ridge)
  File "/n/home08/imezalopez/NNPIV_JASA/nnpiv/rkhs/rkhs2iv.py", line 171, in _lifted_subset_projector
    P_subset = self._projector_from_kernel(K_subset, ridge=ridge)
  File "/n/home08/imezalopez/NNPIV_JASA/nnpiv/rkhs/rkhs2iv.py", line 160, in _projector_from_kernel
    return np.linalg.pinv(K + np.eye(n)) @ K
           ~~~~~~~~~~~~~~^^^^^^^^^^^^^^^
  File "/n/home08/imezalopez/.conda/envs/nnpiv_jasa/lib/python3.13/site-packages/numpy/linalg/_linalg.py", line 2280, in pinv
    u, s, vt = svd(a, full_matrices=False, hermitian=hermitian)
               ~~~^^^^^^^^^^^^^^^^^^^^^^^^^^^^^^^^^^^^^^^^^^^^^
  File "/n/home08/imezalopez/.conda/envs/nnpiv_jasa/lib/python3.13/site-packages/numpy/linalg/_linalg.py", line 1862, in svd
    u, s, vh = gufunc(a, signature=signature)
               ~~~~~~^^^^^^^^^^^^^^^^^^^^^^^^
  File "/n/home08/imezalopez/.conda/envs/nnpiv_jasa/lib/python3.13/site-packages/numpy/linalg/_linalg.py", line 172, in _raise_linalgerror_svd_nonconvergence
    raise LinAlgError("SVD did not converge")
numpy.linalg.LinAlgError: SVD did not converge
"""

The above exception was the direct cause of the following exception:

Traceback (most recent call last):
  File "/n/home08/imezalopez/NNPIV_JASA/simulations/sweep_sp.py", line 27, in <module>
    semiparametrics_main()
    ~~~~~~~~~~~~~~~~~~~~^^
  File "/n/home08/imezalopez/NNPIV_JASA/simulations/sweep_sp.py", line 24, in semiparametrics_main
    SemiParametricsMonteCarlo(runtime_config).run()
    ~~~~~~~~~~~~~~~~~~~~~~~~~~~~~~~~~~~~~~~~~~~~~^^
  File "/n/home08/imezalopez/NNPIV_JASA/simulations/mcpy/SemiParametricsMonteCarlo.py", line 426, in run
    results = Parallel(n_jobs=mc_n_jobs, verbose=1)(
        delayed(self.experiment)(
    ...<5 lines>...
        )
        for exp_id in range(self.config['mc_opts']['n_experiments']))
  File "/n/home08/imezalopez/.conda/envs/nnpiv_jasa/lib/python3.13/site-packages/joblib/parallel.py", line 2072, in __call__
    return output if self.return_generator else list(output)
                                                ~~~~^^^^^^^^
  File "/n/home08/imezalopez/.conda/envs/nnpiv_jasa/lib/python3.13/site-packages/joblib/parallel.py", line 1682, in _get_outputs
    yield from self._retrieve()
  File "/n/home08/imezalopez/.conda/envs/nnpiv_jasa/lib/python3.13/site-packages/joblib/parallel.py", line 1784, in _retrieve
    self._raise_error_fast()
    ~~~~~~~~~~~~~~~~~~~~~~^^
  File "/n/home08/imezalopez/.conda/envs/nnpiv_jasa/lib/python3.13/site-packages/joblib/parallel.py", line 1859, in _raise_error_fast
    error_job.get_result(self.timeout)
    ~~~~~~~~~~~~~~~~~~~~^^^^^^^^^^^^^^
  File "/n/home08/imezalopez/.conda/envs/nnpiv_jasa/lib/python3.13/site-packages/joblib/parallel.py", line 758, in get_result
    return self._return_or_raise()
           ~~~~~~~~~~~~~~~~~~~~~^^
  File "/n/home08/imezalopez/.conda/envs/nnpiv_jasa/lib/python3.13/site-packages/joblib/parallel.py", line 773, in _return_or_raise
    raise self._result
numpy.linalg.LinAlgError: SVD did not converge
srun: error: holy8a30306: task 0: Exited with exit code 1
